

2012/07/30 19:45:44	10.51.10.133

Email sent at 07/30/12 07:45:44
From:@10.51.10.133
To: paul.visco@roswellpark.org
Subject: hello
Attachments: 0 
Body: This message has an attachment in MIME format created with surebert mail.

--__mixed_1S2U3R4E5B6E7R8T9
Content-Type: text/plain; charset=UTF-8; format=flowed
Content-Transfer-Encoding: 8bit
Content-Disposition: inline

world

For security purposes the following information was recorded: 
Sending IP: 10.51.10.133 
Sending Host: applicationdev.roswellpark.org
--__mixed_1S2U3R4E5B6E7R8T9--

Body_HTML: ()

2012/07/30 19:53:56	10.51.10.133

Email sent at 07/30/12 07:53:56
From:@10.51.10.133
To: paul.visco@roswellpark.org
Subject: hello
Attachments: 0 
Body: This message has an attachment in MIME format created with surebert mail.

--__mixed_1S2U3R4E5B6E7R8T9
Content-Type: text/plain; charset=UTF-8; format=flowed
Content-Transfer-Encoding: 8bit
Content-Disposition: inline

world

For security purposes the following information was recorded: 
Sending IP: 10.51.10.133 
Sending Host: applicationdev.roswellpark.org
--__mixed_1S2U3R4E5B6E7R8T9--

Body_HTML: ()

2012/07/30 20:07:28	10.51.10.133

Email sent at 07/30/12 08:07:28
From:@10.51.10.133
To: paul.visco@roswellpark.org
Subject: hello
Attachments: 0 
Body: This message has an attachment in MIME format created with surebert mail.

--__mixed_1S2U3R4E5B6E7R8T9
Content-Type: text/plain; charset=UTF-8; format=flowed
Content-Transfer-Encoding: 8bit
Content-Disposition: inline

world

For security purposes the following information was recorded: 
Sending IP: 10.51.10.133 
Sending Host: applicationdev.roswellpark.org
--__mixed_1S2U3R4E5B6E7R8T9--

Body_HTML: ()

2012/07/30 20:15:38	10.51.10.133

Email sent at 07/30/12 08:15:38
From:@10.51.10.133
To: paul.visco@roswellpark.org
Subject: hello
Attachments: 0 
Body: This message has an attachment in MIME format created with surebert mail.

--__mixed_1S2U3R4E5B6E7R8T9
Content-Type: text/plain; charset=UTF-8; format=flowed
Content-Transfer-Encoding: 8bit
Content-Disposition: inline

world

For security purposes the following information was recorded: 
Sending IP: 10.51.10.133 
Sending Host: applicationdev.roswellpark.org
--__mixed_1S2U3R4E5B6E7R8T9--

Body_HTML: ()